<?xml version="1.0" encoding="UTF-8"?>
<!-- Generated by org.testng.reporters.JUnitXMLReporter -->
<testsuite hostname="DESKTOP-AF71NMN" ignored="3" name="Chrome1" tests="5" failures="1" timestamp="2019-11-27T21:44:22 IST" time="0.595" errors="0">
  <testcase name="meth1" time="0.007" classname="com.rippon.Class2Test"/>
  <testcase name="meth2" time="0.004" classname="com.rippon.Class1Test"/>
  <testcase name="meth3" time="0.003" classname="com.rippon.Class1Test">
    <failure type="java.lang.AssertionError" message="did not expect to find [true] but found [false]">
      <![CDATA[java.lang.AssertionError: did not expect to find [true] but found [false]
at com.rippon.Class1Test.meth3(Class1Test.java:17)
at java.util.ArrayList.forEach(ArrayList.java:1249)
at java.util.concurrent.FutureTask.run(FutureTask.java:266)
at java.util.concurrent.ThreadPoolExecutor.runWorker(ThreadPoolExecutor.java:1142)
at java.util.concurrent.ThreadPoolExecutor$Worker.run(ThreadPoolExecutor.java:617)
at java.lang.Thread.run(Thread.java:745)
... Removed 22 stack frames]]>
    </failure>
  </testcase> <!-- meth3 -->
  <testcase name="meth4" time="0.002" classname="com.rippon.Class1Test"/>
  <testcase name="skipTest" time="0.001" classname="com.rippon.Class1Test">
    <skipped/>
  </testcase> <!-- skipTest -->
  <testcase name="@AfterSuite endAllReports" time="0.0" classname="com.rippon.BaseTest">
    <ignored/>
  </testcase> <!-- @AfterSuite endAllReports -->
  <testcase name="@BeforeTest initSetUp" time="0.0" classname="com.rippon.BaseTest">
    <ignored/>
  </testcase> <!-- @BeforeTest initSetUp -->
  <testcase name="@AfterTest tearDown" time="0.0" classname="com.rippon.BaseTest">
    <ignored/>
  </testcase> <!-- @AfterTest tearDown -->
</testsuite> <!-- Chrome1 -->
